2023-05-16 16:05:490 INFO  HomePage :25 - Click on Login Button [[ChromeDriver: chrome on WINDOWS (37b89a6e5242edb7be2124cd68224929)] -> xpath: //button[normalize-space()='Bank Manager Login']]
2023-05-16 16:05:741 INFO  BankManagerLoginPage :25 - Click on Add customer Button [[ChromeDriver: chrome on WINDOWS (37b89a6e5242edb7be2124cd68224929)] -> xpath: //button[normalize-space()='Add Customer']]
2023-05-16 16:05:53 INFO  AddCustomerPage :33 - Send text to name field: [[ChromeDriver: chrome on WINDOWS (37b89a6e5242edb7be2124cd68224929)] -> xpath: //input[@placeholder='First Name']]
2023-05-16 16:05:145 INFO  AddCustomerPage :39 - Send text to Lastname field: [[ChromeDriver: chrome on WINDOWS (37b89a6e5242edb7be2124cd68224929)] -> xpath: //input[@placeholder='Last Name']]
2023-05-16 16:05:246 INFO  AddCustomerPage :45 - Send text to Postcode field: [[ChromeDriver: chrome on WINDOWS (37b89a6e5242edb7be2124cd68224929)] -> xpath: //input[@placeholder='Post Code']]
2023-05-16 16:05:343 INFO  AddCustomerPage :50 - Click on add Customer Button [[ChromeDriver: chrome on WINDOWS (37b89a6e5242edb7be2124cd68224929)] -> xpath: //button[@type='submit']]
2023-05-16 16:05:81 INFO  HomePage :25 - Click on Login Button [[ChromeDriver: chrome on WINDOWS (ec30bb428d6b34085a611142e667f164)] -> xpath: //button[normalize-space()='Bank Manager Login']]
2023-05-16 16:05:337 INFO  BankManagerLoginPage :25 - Click on Add customer Button [[ChromeDriver: chrome on WINDOWS (ec30bb428d6b34085a611142e667f164)] -> xpath: //button[normalize-space()='Add Customer']]
2023-05-16 16:05:625 INFO  AddCustomerPage :33 - Send text to name field: [[ChromeDriver: chrome on WINDOWS (ec30bb428d6b34085a611142e667f164)] -> xpath: //input[@placeholder='First Name']]
2023-05-16 16:05:713 INFO  AddCustomerPage :39 - Send text to Lastname field: [[ChromeDriver: chrome on WINDOWS (ec30bb428d6b34085a611142e667f164)] -> xpath: //input[@placeholder='Last Name']]
2023-05-16 16:05:845 INFO  AddCustomerPage :45 - Send text to Postcode field: [[ChromeDriver: chrome on WINDOWS (ec30bb428d6b34085a611142e667f164)] -> xpath: //input[@placeholder='Post Code']]
2023-05-16 16:05:944 INFO  AddCustomerPage :50 - Click on add Customer Button [[ChromeDriver: chrome on WINDOWS (ec30bb428d6b34085a611142e667f164)] -> xpath: //button[@type='submit']]
2023-05-16 16:05:212 INFO  HomePage :31 - Click on Login Button [[ChromeDriver: chrome on WINDOWS (fa5fea847293f1227cc54ba4db685f89)] -> xpath: //button[normalize-space()='Customer Login']]
2023-05-16 16:05:526 INFO  CustomerPage :26 - Select customer from dropdown [[ChromeDriver: chrome on WINDOWS (fa5fea847293f1227cc54ba4db685f89)] -> css selector: #userSelect]
2023-05-16 16:05:600 INFO  CustomerPage :31 - Click on login button [[ChromeDriver: chrome on WINDOWS (fa5fea847293f1227cc54ba4db685f89)] -> xpath: //button[@type='submit']]
2023-05-16 16:05:856 INFO  AccountPage :38 - Click on Deposit [[ChromeDriver: chrome on WINDOWS (fa5fea847293f1227cc54ba4db685f89)] -> xpath: //button[normalize-space()='Deposit']]
2023-05-16 16:05:226 INFO  AccountPage :47 - Click on submit button[[ChromeDriver: chrome on WINDOWS (fa5fea847293f1227cc54ba4db685f89)] -> xpath: //button[@type='submit']]
2023-05-16 16:05:234 INFO  CustomerLoginPage :56 - Verify Text from Webpage
2023-05-16 16:05:332 INFO  AccountPage :53 - Click on withdrawl button[[ChromeDriver: chrome on WINDOWS (fa5fea847293f1227cc54ba4db685f89)] -> xpath: //button[normalize-space()='Withdrawl']]
2023-05-16 16:05:429 INFO  AccountPage :47 - Click on submit button[[ChromeDriver: chrome on WINDOWS (fa5fea847293f1227cc54ba4db685f89)] -> xpath: //button[@type='submit']]
2023-05-16 16:05:433 INFO  AccountPage :57 - Verify the text message on webpage
2023-05-16 16:05:498 INFO  CustomerLoginPage :47 - Click on Login Button [[ChromeDriver: chrome on WINDOWS (fa5fea847293f1227cc54ba4db685f89)] -> xpath: //button[@class='btn logout']]
2023-05-16 16:05:632 INFO  HomePage :25 - Click on Login Button [[ChromeDriver: chrome on WINDOWS (46e67218e9982215e3c02823b66a5aaa)] -> xpath: //button[normalize-space()='Bank Manager Login']]
2023-05-16 16:05:858 INFO  BankManagerLoginPage :31 - Click on Open Account Button [[ChromeDriver: chrome on WINDOWS (46e67218e9982215e3c02823b66a5aaa)] -> xpath: //button[normalize-space()='Open Account']]
2023-05-16 16:05:181 INFO  OpenAccountPage :30 - Select customer from dropdown [[ChromeDriver: chrome on WINDOWS (46e67218e9982215e3c02823b66a5aaa)] -> css selector: #userSelect]
2023-05-16 16:05:293 INFO  OpenAccountPage :35 - Select currency from dropdown [[ChromeDriver: chrome on WINDOWS (46e67218e9982215e3c02823b66a5aaa)] -> css selector: #currency]
2023-05-16 16:05:378 INFO  OpenAccountPage :40 - Click on process button [[ChromeDriver: chrome on WINDOWS (46e67218e9982215e3c02823b66a5aaa)] -> xpath: //button[@type='submit']]
2023-05-16 16:05:743 INFO  HomePage :25 - Click on Login Button [[ChromeDriver: chrome on WINDOWS (a173f8839dab87b692cc3dcbb62f425d)] -> xpath: //button[normalize-space()='Bank Manager Login']]
2023-05-16 16:05:974 INFO  BankManagerLoginPage :31 - Click on Open Account Button [[ChromeDriver: chrome on WINDOWS (a173f8839dab87b692cc3dcbb62f425d)] -> xpath: //button[normalize-space()='Open Account']]
2023-05-16 16:05:451 INFO  OpenAccountPage :30 - Select customer from dropdown [[ChromeDriver: chrome on WINDOWS (a173f8839dab87b692cc3dcbb62f425d)] -> css selector: #userSelect]
2023-05-16 16:05:560 INFO  OpenAccountPage :35 - Select currency from dropdown [[ChromeDriver: chrome on WINDOWS (a173f8839dab87b692cc3dcbb62f425d)] -> css selector: #currency]
2023-05-16 16:05:639 INFO  OpenAccountPage :40 - Click on process button [[ChromeDriver: chrome on WINDOWS (a173f8839dab87b692cc3dcbb62f425d)] -> xpath: //button[@type='submit']]
2023-05-16 16:05:911 INFO  HomePage :25 - Click on Login Button [[ChromeDriver: chrome on WINDOWS (ff221da96acc35a34f264e64dff4ac6d)] -> xpath: //button[normalize-space()='Bank Manager Login']]
2023-05-16 16:05:136 INFO  BankManagerLoginPage :25 - Click on Add customer Button [[ChromeDriver: chrome on WINDOWS (ff221da96acc35a34f264e64dff4ac6d)] -> xpath: //button[normalize-space()='Add Customer']]
2023-05-16 16:05:191 INFO  AddCustomerPage :33 - Send text to name field: [[ChromeDriver: chrome on WINDOWS (ff221da96acc35a34f264e64dff4ac6d)] -> xpath: //input[@placeholder='First Name']]
2023-05-16 16:05:263 INFO  AddCustomerPage :39 - Send text to Lastname field: [[ChromeDriver: chrome on WINDOWS (ff221da96acc35a34f264e64dff4ac6d)] -> xpath: //input[@placeholder='Last Name']]
2023-05-16 16:05:374 INFO  AddCustomerPage :45 - Send text to Postcode field: [[ChromeDriver: chrome on WINDOWS (ff221da96acc35a34f264e64dff4ac6d)] -> xpath: //input[@placeholder='Post Code']]
2023-05-16 16:05:450 INFO  AddCustomerPage :50 - Click on add Customer Button [[ChromeDriver: chrome on WINDOWS (ff221da96acc35a34f264e64dff4ac6d)] -> xpath: //button[@type='submit']]
2023-05-16 16:05:953 INFO  HomePage :31 - Click on Login Button [[ChromeDriver: chrome on WINDOWS (0cece5fe50001903fcffd2fb2febc4fd)] -> xpath: //button[normalize-space()='Customer Login']]
2023-05-16 16:05:336 INFO  CustomerPage :26 - Select customer from dropdown [[ChromeDriver: chrome on WINDOWS (0cece5fe50001903fcffd2fb2febc4fd)] -> css selector: #userSelect]
2023-05-16 16:05:418 INFO  CustomerPage :31 - Click on login button [[ChromeDriver: chrome on WINDOWS (0cece5fe50001903fcffd2fb2febc4fd)] -> xpath: //button[@type='submit']]
2023-05-16 16:05:425 INFO  CustomerLoginPage :35 - Verify Text from Webpage
2023-05-16 16:05:964 INFO  CustomerLoginPage :41 - Verify Text from Webpage
2023-05-16 16:05:47 INFO  CustomerLoginPage :47 - Click on Login Button [[ChromeDriver: chrome on WINDOWS (0cece5fe50001903fcffd2fb2febc4fd)] -> xpath: //button[@class='btn logout']]
2023-05-16 16:05:49 INFO  CustomerLoginPage :51 - Verify Text from Webpage
